<?xml version="1.0" encoding="UTF-8"?>
<!-- Generated by org.testng.reporters.JUnitReportReporter -->
<testsuite skipped="1" hostname="DESKTOP-6ML3S9P" name="RestAssuredPratice.RestAssuredPra.ResquestSpecBuilderDemo" tests="3" failures="0" timestamp="2021-01-18T01:59:26 IST" time="4.089" errors="0">
  <testcase name="getRequestdemoBuilderCheck" time="0.761" classname="RestAssuredPratice.RestAssuredPra.ResquestSpecBuilderDemo"/>
  <system-out/>
  <testcase name="getRequestdemoBuilder" time="3.328" classname="RestAssuredPratice.RestAssuredPra.ResquestSpecBuilderDemo"/>
  <system-out/>
  <testcase name="getRequestwithRequestBuilder" classname="RestAssuredPratice.RestAssuredPra.ResquestSpecBuilderDemo">
    <skipped/>
  </testcase> <!-- getRequestwithRequestBuilder -->
  <system-out/>
</testsuite> <!-- RestAssuredPratice.RestAssuredPra.ResquestSpecBuilderDemo -->
