<?xml version="1.0" encoding="UTF-8"?>
<!-- Generated by org.testng.reporters.JUnitReportReporter -->
<testsuite skipped="1" hostname="DESKTOP-6ML3S9P" name="RestAssuredPratice.RestAssuredPra.PostRequest1" tests="2" failures="0" timestamp="2021-01-27T23:40:07 IST" time="0.515" errors="0">
  <testcase name="PojoPost" time="0.515" classname="RestAssuredPratice.RestAssuredPra.PostRequest1"/>
  <system-out/>
  <testcase name="SimplePost" classname="RestAssuredPratice.RestAssuredPra.PostRequest1">
    <skipped/>
  </testcase> <!-- SimplePost -->
  <system-out/>
</testsuite> <!-- RestAssuredPratice.RestAssuredPra.PostRequest1 -->
