<?xml version="1.0" encoding="UTF-8"?>
<!-- Generated by org.testng.reporters.JUnitReportReporter -->
<testsuite skipped="0" hostname="DESKTOP-6ML3S9P" name="RestAssuredPratice.RestAssuredPra.SerialisationDemo" tests="1" failures="0" timestamp="2021-01-27T23:40:07 IST" time="0.859" errors="0">
  <testcase name="demoSerial" time="0.859" classname="RestAssuredPratice.RestAssuredPra.SerialisationDemo"/>
  <system-out/>
</testsuite> <!-- RestAssuredPratice.RestAssuredPra.SerialisationDemo -->
