<?xml version="1.0" encoding="UTF-8"?>
<!-- Generated by org.testng.reporters.JUnitReportReporter -->
<testsuite skipped="1" hostname="DESKTOP-6ML3S9P" name="RestAssuredPratice.RestAssuredPra.GetRequestExperiment" tests="2" failures="0" timestamp="2021-01-03T00:33:51 IST" time="5.208" errors="0">
  <testcase name="GetSpecificRecord" time="5.208" classname="RestAssuredPratice.RestAssuredPra.GetRequestExperiment"/>
  <system-out/>
  <testcase name="RequestOne" classname="RestAssuredPratice.RestAssuredPra.GetRequestExperiment">
    <skipped/>
  </testcase> <!-- RequestOne -->
  <system-out/>
</testsuite> <!-- RestAssuredPratice.RestAssuredPra.GetRequestExperiment -->
