<?xml version="1.0" encoding="UTF-8"?>
<!-- Generated by org.testng.reporters.JUnitReportReporter -->
<testsuite skipped="0" hostname="DESKTOP-6ML3S9P" name="RestAssuredPratice.RestAssuredPra.IntegrationTestDemo" tests="1" failures="0" timestamp="2021-01-27T23:40:07 IST" time="6.927" errors="0">
  <testcase name="part1Create" time="6.927" classname="RestAssuredPratice.RestAssuredPra.IntegrationTestDemo"/>
  <system-out/>
</testsuite> <!-- RestAssuredPratice.RestAssuredPra.IntegrationTestDemo -->
