<?xml version="1.0" encoding="UTF-8"?>
<!-- Generated by org.testng.reporters.JUnitReportReporter -->
<testsuite skipped="0" hostname="DESKTOP-6ML3S9P" name="RestAssuredPratice.RestAssuredPra.FileDownloadDemo" tests="1" failures="0" timestamp="2021-01-20T00:28:55 IST" time="3.161" errors="0">
  <testcase name="TestFileDownload" time="3.161" classname="RestAssuredPratice.RestAssuredPra.FileDownloadDemo"/>
  <system-out/>
</testsuite> <!-- RestAssuredPratice.RestAssuredPra.FileDownloadDemo -->
