<?xml version="1.0" encoding="UTF-8"?>
<!-- Generated by org.testng.reporters.JUnitReportReporter -->
<testsuite skipped="0" hostname="DESKTOP-6ML3S9P" name="RestAssuredPratice.RestAssuredPra.FileUploadDemoForRestCalls" tests="1" failures="0" timestamp="2021-01-19T01:08:21 IST" time="3.345" errors="0">
  <testcase name="TestOne" time="3.345" classname="RestAssuredPratice.RestAssuredPra.FileUploadDemoForRestCalls"/>
  <system-out/>
</testsuite> <!-- RestAssuredPratice.RestAssuredPra.FileUploadDemoForRestCalls -->
