<?xml version="1.0" encoding="UTF-8"?>
<!-- Generated by org.testng.reporters.JUnitReportReporter -->
<testsuite skipped="0" hostname="DESKTOP-6ML3S9P" name="RestAssuredPratice.RestAssuredPra.HamcrestDemoUse" tests="2" failures="0" timestamp="2021-01-11T08:07:53 IST" time="0.020" errors="0">
  <testcase name="hamcrestDemo" time="0.004" classname="RestAssuredPratice.RestAssuredPra.HamcrestDemoUse"/>
  <system-out/>
  <testcase name="Hamcrestdemo" time="0.016" classname="RestAssuredPratice.RestAssuredPra.HamcrestDemoUse"/>
  <system-out/>
</testsuite> <!-- RestAssuredPratice.RestAssuredPra.HamcrestDemoUse -->
