<?xml version="1.0" encoding="UTF-8"?>
<!-- Generated by org.testng.reporters.JUnitReportReporter -->
<testsuite skipped="0" hostname="DESKTOP-6ML3S9P" name="RestAssuredPratice.RestAssuredPra.RequestAndResponseSpecificationDemo" tests="1" failures="0" timestamp="2021-01-18T23:37:15 IST" time="3.532" errors="0">
  <testcase name="SpecificationDemo" time="3.532" classname="RestAssuredPratice.RestAssuredPra.RequestAndResponseSpecificationDemo"/>
  <system-out/>
</testsuite> <!-- RestAssuredPratice.RestAssuredPra.RequestAndResponseSpecificationDemo -->
