<?xml version="1.0" encoding="UTF-8"?>
<!-- Generated by org.testng.reporters.JUnitReportReporter -->
<testsuite skipped="0" hostname="DESKTOP-6ML3S9P" name="RestAssuredPratice.RestAssuredPra.ResponseSpecificationBuilderDemo" tests="1" failures="0" timestamp="2021-01-18T23:23:59 IST" time="4.697" errors="0">
  <testcase name="builderDemoResponse" time="4.697" classname="RestAssuredPratice.RestAssuredPra.ResponseSpecificationBuilderDemo"/>
  <system-out/>
</testsuite> <!-- RestAssuredPratice.RestAssuredPra.ResponseSpecificationBuilderDemo -->
