<?xml version="1.0" encoding="UTF-8"?>
<!-- Generated by org.testng.reporters.JUnitReportReporter -->
<testsuite skipped="0" hostname="DESKTOP-6ML3S9P" name="RestAssuredPratice.RestAssuredPra.AsyncRequestsDemoTest" tests="1" failures="0" timestamp="2021-01-23T22:29:40 IST" time="7.531" errors="0">
  <testcase name="AsyncRequestsDemoTest" time="7.531" classname="RestAssuredPratice.RestAssuredPra.AsyncRequestsDemoTest"/>
  <system-out/>
</testsuite> <!-- RestAssuredPratice.RestAssuredPra.AsyncRequestsDemoTest -->
