<?xml version="1.0" encoding="UTF-8"?>
<!-- Generated by org.testng.reporters.JUnitReportReporter -->
<testsuite skipped="1" hostname="DESKTOP-6ML3S9P" name="RestAssuredPratice.RestAssuredPra.DeSerialize" tests="2" failures="0" timestamp="2021-01-11T18:26:53 IST" time="4.546" errors="0">
  <testcase name="dataStructureDeserl" time="4.546" classname="RestAssuredPratice.RestAssuredPra.DeSerialize"/>
  <system-out/>
  <testcase name="Deserial" classname="RestAssuredPratice.RestAssuredPra.DeSerialize">
    <skipped/>
  </testcase> <!-- Deserial -->
  <system-out/>
</testsuite> <!-- RestAssuredPratice.RestAssuredPra.DeSerialize -->
