<?xml version="1.0" encoding="UTF-8"?>
<!-- Generated by org.testng.reporters.JUnitReportReporter -->
<testsuite skipped="0" hostname="DESKTOP-6ML3S9P" name="RestAssuredPratice.RestAssuredPra.PutRequestDemo" tests="1" failures="0" timestamp="2021-01-06T00:39:44 IST" time="4.516" errors="0">
  <testcase name="PutReq" time="4.516" classname="RestAssuredPratice.RestAssuredPra.PutRequestDemo"/>
  <system-out/>
</testsuite> <!-- RestAssuredPratice.RestAssuredPra.PutRequestDemo -->
