<?xml version="1.0" encoding="UTF-8"?>
<!-- Generated by org.testng.reporters.JUnitReportReporter -->
<testsuite name="RestAssuredPratice.RestAssuredPra.PostRequest1" tests="1" time="0.624" ignored="1" failures="0" timestamp="28 Jan 2021 18:36:07 GMT" skipped="0" hostname="DESKTOP-6ML3S9P" errors="0">
  <testcase name="PojoPost" time="0.624" classname="RestAssuredPratice.RestAssuredPra.PostRequest1"/>
  <testcase name="SimplePost" classname="RestAssuredPratice.RestAssuredPra.PostRequest1">
    <skipped/>
  </testcase> <!-- SimplePost -->
</testsuite> <!-- RestAssuredPratice.RestAssuredPra.PostRequest1 -->
